INFO: [VRFC 10-2263] Analyzing Verilog file "C:/Users/Chris/Desktop/Research/Saturating_Inductor_Buck/Saturating_Inductor_Buck.srcs/sources_1/ip/clk_wiz_0/clk_wiz_0_clk_wiz.v" into library xil_defaultlib
INFO: [VRFC 10-311] analyzing module clk_wiz_0_clk_wiz
INFO: [VRFC 10-2263] Analyzing Verilog file "C:/Users/Chris/Desktop/Research/Saturating_Inductor_Buck/Saturating_Inductor_Buck.srcs/sources_1/ip/clk_wiz_0/clk_wiz_0.v" into library xil_defaultlib
INFO: [VRFC 10-311] analyzing module clk_wiz_0
INFO: [VRFC 10-2263] Analyzing Verilog file "C:/Users/Chris/Desktop/Research/Saturating_Inductor_Buck/Saturating_Inductor_Buck.srcs/sources_1/imports/Research/Buck_Control/Buck_Control.srcs/sources_1/imports/Research/ADC_Controller_DAC/ADC_Controller_DAC.srcs/sources_1/new/ACD.v" into library xil_defaultlib
INFO: [VRFC 10-311] analyzing module ACD
INFO: [VRFC 10-2263] Analyzing Verilog file "C:/Users/Chris/Desktop/Research/Saturating_Inductor_Buck/Saturating_Inductor_Buck.srcs/sources_1/new/ADC_v1.v" into library xil_defaultlib
INFO: [VRFC 10-311] analyzing module ADC_v1
INFO: [VRFC 10-2263] Analyzing Verilog file "C:/Users/Chris/Desktop/Research/Saturating_Inductor_Buck/Saturating_Inductor_Buck.srcs/sources_1/new/DAC_AD9744_v1.v" into library xil_defaultlib
INFO: [VRFC 10-311] analyzing module DAC_AD9744_v1
INFO: [VRFC 10-2263] Analyzing Verilog file "C:/Users/Chris/Desktop/Research/Saturating_Inductor_Buck/Saturating_Inductor_Buck.srcs/sources_1/imports/Research/Buck_Control/Buck_Control.srcs/sources_1/imports/Research/ADC_Controller_DAC/ADC_Controller_DAC.srcs/sources_1/new/controller.v" into library xil_defaultlib
INFO: [VRFC 10-311] analyzing module controller
INFO: [VRFC 10-2263] Analyzing Verilog file "C:/Users/Chris/Desktop/Research/Saturating_Inductor_Buck/Saturating_Inductor_Buck.srcs/sources_1/imports/Research/Buck_Control/Buck_Control.srcs/sources_1/imports/Research/ADC_Controller_DAC/ADC_Controller_DAC.srcs/sources_1/new/stage0.v" into library xil_defaultlib
INFO: [VRFC 10-311] analyzing module stage0
INFO: [VRFC 10-2263] Analyzing Verilog file "C:/Users/Chris/Desktop/Research/Saturating_Inductor_Buck/Saturating_Inductor_Buck.srcs/sources_1/imports/Research/Buck_Control/Buck_Control.srcs/sources_1/imports/Research/ADC_Controller_DAC/ADC_Controller_DAC.srcs/sources_1/new/stage1.v" into library xil_defaultlib
INFO: [VRFC 10-311] analyzing module stage1
INFO: [VRFC 10-2263] Analyzing Verilog file "C:/Users/Chris/Desktop/Research/Saturating_Inductor_Buck/Saturating_Inductor_Buck.srcs/sources_1/imports/Research/Buck_Control/Buck_Control.srcs/sources_1/imports/Research/ADC_Controller_DAC/ADC_Controller_DAC.srcs/sources_1/new/stage2.v" into library xil_defaultlib
INFO: [VRFC 10-311] analyzing module stage2
INFO: [VRFC 10-2263] Analyzing Verilog file "C:/Users/Chris/Desktop/Research/Saturating_Inductor_Buck/Saturating_Inductor_Buck.srcs/sources_1/imports/Research/Buck_Control/Buck_Control.srcs/sources_1/imports/Research/ADC_Controller_DAC/ADC_Controller_DAC.srcs/sources_1/new/stage3.v" into library xil_defaultlib
INFO: [VRFC 10-311] analyzing module stage3
INFO: [VRFC 10-2263] Analyzing Verilog file "C:/Users/Chris/Desktop/Research/Saturating_Inductor_Buck/Saturating_Inductor_Buck.srcs/sources_1/imports/Research/Buck_Control/Buck_Control.srcs/sources_1/imports/Research/ADC_DAC/ADC_DAC.srcs/sources_1/new/sync_reg.v" into library xil_defaultlib
INFO: [VRFC 10-311] analyzing module sync_reg
INFO: [VRFC 10-2263] Analyzing Verilog file "C:/Users/Chris/Desktop/Research/Saturating_Inductor_Buck/Saturating_Inductor_Buck.srcs/sim_1/new/ACD_timing.v" into library xil_defaultlib
INFO: [VRFC 10-311] analyzing module ACD_timing
