#-----------------------------------------------------------
# Vivado v2018.1 (64-bit)
# SW Build 2188600 on Wed Apr  4 18:40:38 MDT 2018
# IP Build 2185939 on Wed Apr  4 20:55:05 MDT 2018
# Start of session at: Fri Jan  3 13:43:04 2020
# Process ID: 944
# Current directory: C:/Users/cuixf/Documents/GitHub/Saturating_Inductor_Buck
# Command line: vivado.exe -gui_launcher_event rodinguilauncherevent21456 C:\Users\cuixf\Documents\GitHub\Saturating_Inductor_Buck\Saturating_Inductor_Buck.xpr
# Log file: C:/Users/cuixf/Documents/GitHub/Saturating_Inductor_Buck/vivado.log
# Journal file: C:/Users/cuixf/Documents/GitHub/Saturating_Inductor_Buck\vivado.jou
#-----------------------------------------------------------
start_gui
open_project C:/Users/cuixf/Documents/GitHub/Saturating_Inductor_Buck/Saturating_Inductor_Buck.xpr
CRITICAL WARNING: [Project 1-19] Could not find the file 'C:/Users/cuixf/Documents/GitHub/Saturating_Inductor_Buck/Saturating_Inductor_Buck.srcs/sources_1/new/calculation_test.v'.
CRITICAL WARNING: [Project 1-19] Could not find the file 'C:/Users/cuixf/Documents/GitHub/Saturating_Inductor_Buck/Saturating_Inductor_Buck.srcs/sources_1/new/ADC_v2.v'.
CRITICAL WARNING: [Project 1-19] Could not find the file 'C:/Users/cuixf/Documents/GitHub/Saturating_Inductor_Buck/Saturating_Inductor_Buck.srcs/sources_1/new/preset.v'.
CRITICAL WARNING: [Project 1-19] Could not find the file 'C:/Users/cuixf/Documents/GitHub/Saturating_Inductor_Buck/Saturating_Inductor_Buck.srcs/sim_1/new/ACD_simu.v'.
Scanning sources...
Finished scanning sources
INFO: [IP_Flow 19-234] Refreshing IP repositories
INFO: [IP_Flow 19-1704] No user IP repositories specified
INFO: [IP_Flow 19-2313] Loaded Vivado IP repository 'C:/Xilinx/Vivado/2018.1/data/ip'.
open_project: Time (s): cpu = 00:00:15 ; elapsed = 00:00:09 . Memory (MB): peak = 899.375 ; gain = 143.695
reset_run synth_1
launch_runs impl_1 -jobs 8
INFO: [Vivado 12-4149] The synthesis checkpoint for IP 'C:/Users/cuixf/Documents/GitHub/Saturating_Inductor_Buck/Saturating_Inductor_Buck.srcs/sources_1/ip/c_addsub_1/c_addsub_1.xci' is already up-to-date
INFO: [Vivado 12-4149] The synthesis checkpoint for IP 'C:/Users/cuixf/Documents/GitHub/Saturating_Inductor_Buck/Saturating_Inductor_Buck.srcs/sources_1/ip/mult_gen_0/mult_gen_0.xci' is already up-to-date
INFO: [Vivado 12-4149] The synthesis checkpoint for IP 'C:/Users/cuixf/Documents/GitHub/Saturating_Inductor_Buck/Saturating_Inductor_Buck.srcs/sources_1/ip/c_addsub_0/c_addsub_0.xci' is already up-to-date
INFO: [Vivado 12-4149] The synthesis checkpoint for IP 'C:/Users/cuixf/Documents/GitHub/Saturating_Inductor_Buck/Saturating_Inductor_Buck.srcs/sources_1/ip/c_addsub_2/c_addsub_2.xci' is already up-to-date
INFO: [Vivado 12-4149] The synthesis checkpoint for IP 'C:/Users/cuixf/Documents/GitHub/Saturating_Inductor_Buck/Saturating_Inductor_Buck.srcs/sources_1/ip/on_time_counter/on_time_counter.xci' is already up-to-date
INFO: [Vivado 12-4149] The synthesis checkpoint for IP 'C:/Users/cuixf/Documents/GitHub/Saturating_Inductor_Buck/Saturating_Inductor_Buck.srcs/sources_1/ip/clk_wiz_0/clk_wiz_0.xci' is already up-to-date
[Fri Jan  3 13:45:41 2020] Launched synth_1...
Run output will be captured here: C:/Users/cuixf/Documents/GitHub/Saturating_Inductor_Buck/Saturating_Inductor_Buck.runs/synth_1/runme.log
[Fri Jan  3 13:45:41 2020] Launched impl_1...
Run output will be captured here: C:/Users/cuixf/Documents/GitHub/Saturating_Inductor_Buck/Saturating_Inductor_Buck.runs/impl_1/runme.log
reset_run impl_1
launch_runs impl_1 -jobs 8
INFO: [Vivado 12-4149] The synthesis checkpoint for IP 'C:/Users/cuixf/Documents/GitHub/Saturating_Inductor_Buck/Saturating_Inductor_Buck.srcs/sources_1/ip/c_addsub_1/c_addsub_1.xci' is already up-to-date
INFO: [Vivado 12-4149] The synthesis checkpoint for IP 'C:/Users/cuixf/Documents/GitHub/Saturating_Inductor_Buck/Saturating_Inductor_Buck.srcs/sources_1/ip/mult_gen_0/mult_gen_0.xci' is already up-to-date
INFO: [Vivado 12-4149] The synthesis checkpoint for IP 'C:/Users/cuixf/Documents/GitHub/Saturating_Inductor_Buck/Saturating_Inductor_Buck.srcs/sources_1/ip/c_addsub_0/c_addsub_0.xci' is already up-to-date
INFO: [Vivado 12-4149] The synthesis checkpoint for IP 'C:/Users/cuixf/Documents/GitHub/Saturating_Inductor_Buck/Saturating_Inductor_Buck.srcs/sources_1/ip/c_addsub_2/c_addsub_2.xci' is already up-to-date
INFO: [Vivado 12-4149] The synthesis checkpoint for IP 'C:/Users/cuixf/Documents/GitHub/Saturating_Inductor_Buck/Saturating_Inductor_Buck.srcs/sources_1/ip/on_time_counter/on_time_counter.xci' is already up-to-date
INFO: [Vivado 12-4149] The synthesis checkpoint for IP 'C:/Users/cuixf/Documents/GitHub/Saturating_Inductor_Buck/Saturating_Inductor_Buck.srcs/sources_1/ip/clk_wiz_0/clk_wiz_0.xci' is already up-to-date
[Fri Jan  3 14:05:34 2020] Launched impl_1...
Run output will be captured here: C:/Users/cuixf/Documents/GitHub/Saturating_Inductor_Buck/Saturating_Inductor_Buck.runs/impl_1/runme.log
launch_runs impl_1 -to_step write_bitstream -jobs 8
INFO: [Vivado 12-4149] The synthesis checkpoint for IP 'C:/Users/cuixf/Documents/GitHub/Saturating_Inductor_Buck/Saturating_Inductor_Buck.srcs/sources_1/ip/c_addsub_1/c_addsub_1.xci' is already up-to-date
INFO: [Vivado 12-4149] The synthesis checkpoint for IP 'C:/Users/cuixf/Documents/GitHub/Saturating_Inductor_Buck/Saturating_Inductor_Buck.srcs/sources_1/ip/mult_gen_0/mult_gen_0.xci' is already up-to-date
INFO: [Vivado 12-4149] The synthesis checkpoint for IP 'C:/Users/cuixf/Documents/GitHub/Saturating_Inductor_Buck/Saturating_Inductor_Buck.srcs/sources_1/ip/c_addsub_0/c_addsub_0.xci' is already up-to-date
INFO: [Vivado 12-4149] The synthesis checkpoint for IP 'C:/Users/cuixf/Documents/GitHub/Saturating_Inductor_Buck/Saturating_Inductor_Buck.srcs/sources_1/ip/c_addsub_2/c_addsub_2.xci' is already up-to-date
INFO: [Vivado 12-4149] The synthesis checkpoint for IP 'C:/Users/cuixf/Documents/GitHub/Saturating_Inductor_Buck/Saturating_Inductor_Buck.srcs/sources_1/ip/on_time_counter/on_time_counter.xci' is already up-to-date
INFO: [Vivado 12-4149] The synthesis checkpoint for IP 'C:/Users/cuixf/Documents/GitHub/Saturating_Inductor_Buck/Saturating_Inductor_Buck.srcs/sources_1/ip/clk_wiz_0/clk_wiz_0.xci' is already up-to-date
[Fri Jan  3 14:07:08 2020] Launched impl_1...
Run output will be captured here: C:/Users/cuixf/Documents/GitHub/Saturating_Inductor_Buck/Saturating_Inductor_Buck.runs/impl_1/runme.log
exit
INFO: [Common 17-206] Exiting Vivado at Thu Jan  9 23:09:51 2020...
